[25-Mar-2025 18:04:19 UTC] PHP Fatal error:  Uncaught Error: Call to undefined function welcart_basic_is_cart_page() in /Users/ohashi/Local Sites/galleria-nero/app/public/wp-content/themes/welcart_basic/header.php:36
Stack trace:
#0 /Users/ohashi/Local Sites/galleria-nero/app/public/wp-includes/template.php(810): require_once()
#1 /Users/ohashi/Local Sites/galleria-nero/app/public/wp-includes/template.php(745): load_template('/Users/ohashi/L...', true, Array)
#2 /Users/ohashi/Local Sites/galleria-nero/app/public/wp-includes/general-template.php(48): locate_template(Array, true, true, Array)
#3 /Users/ohashi/Local Sites/galleria-nero/app/public/wp-content/themes/welcart_basic/front-page.php(9): get_header()
#4 /Users/ohashi/Local Sites/galleria-nero/app/public/wp-includes/template-loader.php(106): include('/Users/ohashi/L...')
#5 /Users/ohashi/Local Sites/galleria-nero/app/public/wp-blog-header.php(19): require_once('/Users/ohashi/L...')
#6 /Users/ohashi/Local Sites/galleria-nero/app/public/index.php(17): require('/Users/ohashi/L...')
#7 {main}
  thrown in /Users/ohashi/Local Sites/galleria-nero/app/public/wp-content/themes/welcart_basic/header.php on line 36
[25-Mar-2025 18:04:21 UTC] PHP Fatal error:  Uncaught Error: Call to undefined function welcart_basic_is_cart_page() in /Users/ohashi/Local Sites/galleria-nero/app/public/wp-content/themes/welcart_basic/header.php:36
Stack trace:
#0 /Users/ohashi/Local Sites/galleria-nero/app/public/wp-includes/template.php(810): require_once()
#1 /Users/ohashi/Local Sites/galleria-nero/app/public/wp-includes/template.php(745): load_template('/Users/ohashi/L...', true, Array)
#2 /Users/ohashi/Local Sites/galleria-nero/app/public/wp-includes/general-template.php(48): locate_template(Array, true, true, Array)
#3 /Users/ohashi/Local Sites/galleria-nero/app/public/wp-content/themes/welcart_basic/front-page.php(9): get_header()
#4 /Users/ohashi/Local Sites/galleria-nero/app/public/wp-includes/template-loader.php(106): include('/Users/ohashi/L...')
#5 /Users/ohashi/Local Sites/galleria-nero/app/public/wp-blog-header.php(19): require_once('/Users/ohashi/L...')
#6 /Users/ohashi/Local Sites/galleria-nero/app/public/index.php(17): require('/Users/ohashi/L...')
#7 {main}
  thrown in /Users/ohashi/Local Sites/galleria-nero/app/public/wp-content/themes/welcart_basic/header.php on line 36
[25-Mar-2025 18:04:23 UTC] PHP Fatal error:  Uncaught Error: Call to undefined function welcart_basic_is_cart_page() in /Users/ohashi/Local Sites/galleria-nero/app/public/wp-content/themes/welcart_basic/header.php:36
Stack trace:
#0 /Users/ohashi/Local Sites/galleria-nero/app/public/wp-includes/template.php(810): require_once()
#1 /Users/ohashi/Local Sites/galleria-nero/app/public/wp-includes/template.php(745): load_template('/Users/ohashi/L...', true, Array)
#2 /Users/ohashi/Local Sites/galleria-nero/app/public/wp-includes/general-template.php(48): locate_template(Array, true, true, Array)
#3 /Users/ohashi/Local Sites/galleria-nero/app/public/wp-content/themes/welcart_basic/front-page.php(9): get_header()
#4 /Users/ohashi/Local Sites/galleria-nero/app/public/wp-includes/template-loader.php(106): include('/Users/ohashi/L...')
#5 /Users/ohashi/Local Sites/galleria-nero/app/public/wp-blog-header.php(19): require_once('/Users/ohashi/L...')
#6 /Users/ohashi/Local Sites/galleria-nero/app/public/index.php(17): require('/Users/ohashi/L...')
#7 {main}
  thrown in /Users/ohashi/Local Sites/galleria-nero/app/public/wp-content/themes/welcart_basic/header.php on line 36
[25-Mar-2025 18:05:24 UTC] PHP Warning:  session_name(): Session name cannot be changed after headers have already been sent in /Users/ohashi/Local Sites/galleria-nero/app/public/wp-content/plugins/usc-e-shop/classes/usceshop.class.php on line 2005
[25-Mar-2025 18:05:24 UTC] PHP Warning:  session_set_cookie_params(): Session cookie parameters cannot be changed after headers have already been sent in /Users/ohashi/Local Sites/galleria-nero/app/public/wp-content/plugins/usc-e-shop/classes/usceshop.class.php on line 2037
[26-Mar-2025 14:21:02 UTC] PHP Warning:  session_name(): Session name cannot be changed after headers have already been sent in /Users/ohashi/Local Sites/galleria-nero/app/public/wp-content/plugins/usc-e-shop/classes/usceshop.class.php on line 2005
[26-Mar-2025 14:21:02 UTC] PHP Warning:  session_set_cookie_params(): Session cookie parameters cannot be changed after headers have already been sent in /Users/ohashi/Local Sites/galleria-nero/app/public/wp-content/plugins/usc-e-shop/classes/usceshop.class.php on line 2037
[26-Mar-2025 15:40:47 UTC] PHP Warning:  session_name(): Session name cannot be changed after headers have already been sent in /Users/ohashi/Local Sites/galleria-nero/app/public/wp-content/plugins/usc-e-shop/classes/usceshop.class.php on line 2005
[26-Mar-2025 15:40:47 UTC] PHP Warning:  session_set_cookie_params(): Session cookie parameters cannot be changed after headers have already been sent in /Users/ohashi/Local Sites/galleria-nero/app/public/wp-content/plugins/usc-e-shop/classes/usceshop.class.php on line 2037
[26-Mar-2025 22:13:14 UTC] PHP Warning:  session_name(): Session name cannot be changed after headers have already been sent in /Users/ohashi/Local Sites/galleria-nero/app/public/wp-content/plugins/usc-e-shop/classes/usceshop.class.php on line 2005
[26-Mar-2025 22:13:14 UTC] PHP Warning:  session_set_cookie_params(): Session cookie parameters cannot be changed after headers have already been sent in /Users/ohashi/Local Sites/galleria-nero/app/public/wp-content/plugins/usc-e-shop/classes/usceshop.class.php on line 2037
[27-Mar-2025 22:42:53 UTC] PHP Warning:  session_name(): Session name cannot be changed after headers have already been sent in /Users/ohashi/Local Sites/galleria-nero/app/public/wp-content/plugins/usc-e-shop/classes/usceshop.class.php on line 2005
[27-Mar-2025 22:42:53 UTC] PHP Warning:  session_set_cookie_params(): Session cookie parameters cannot be changed after headers have already been sent in /Users/ohashi/Local Sites/galleria-nero/app/public/wp-content/plugins/usc-e-shop/classes/usceshop.class.php on line 2037
[28-Mar-2025 04:40:13 UTC] PHP Warning:  session_name(): Session name cannot be changed after headers have already been sent in /Users/ohashi/Local Sites/galleria-nero/app/public/wp-content/plugins/usc-e-shop/classes/usceshop.class.php on line 2005
[28-Mar-2025 04:40:13 UTC] PHP Warning:  session_set_cookie_params(): Session cookie parameters cannot be changed after headers have already been sent in /Users/ohashi/Local Sites/galleria-nero/app/public/wp-content/plugins/usc-e-shop/classes/usceshop.class.php on line 2037
[28-Mar-2025 05:03:13 UTC] PHP Warning:  session_name(): Session name cannot be changed after headers have already been sent in /Users/ohashi/Local Sites/galleria-nero/app/public/wp-content/plugins/usc-e-shop/classes/usceshop.class.php on line 2005
[28-Mar-2025 05:03:13 UTC] PHP Warning:  session_set_cookie_params(): Session cookie parameters cannot be changed after headers have already been sent in /Users/ohashi/Local Sites/galleria-nero/app/public/wp-content/plugins/usc-e-shop/classes/usceshop.class.php on line 2037
[28-Mar-2025 06:27:40 UTC] PHP Warning:  session_name(): Session name cannot be changed after headers have already been sent in /Users/ohashi/Local Sites/galleria-nero/app/public/wp-content/plugins/usc-e-shop/classes/usceshop.class.php on line 2005
[28-Mar-2025 06:27:40 UTC] PHP Warning:  session_set_cookie_params(): Session cookie parameters cannot be changed after headers have already been sent in /Users/ohashi/Local Sites/galleria-nero/app/public/wp-content/plugins/usc-e-shop/classes/usceshop.class.php on line 2037
[28-Mar-2025 07:01:57 UTC] PHP Warning:  session_name(): Session name cannot be changed after headers have already been sent in /Users/ohashi/Local Sites/galleria-nero/app/public/wp-content/plugins/usc-e-shop/classes/usceshop.class.php on line 2005
[28-Mar-2025 07:01:57 UTC] PHP Warning:  session_set_cookie_params(): Session cookie parameters cannot be changed after headers have already been sent in /Users/ohashi/Local Sites/galleria-nero/app/public/wp-content/plugins/usc-e-shop/classes/usceshop.class.php on line 2037
[28-Mar-2025 07:56:31 UTC] PHP Warning:  session_name(): Session name cannot be changed after headers have already been sent in /Users/ohashi/Local Sites/galleria-nero/app/public/wp-content/plugins/usc-e-shop/classes/usceshop.class.php on line 2005
[28-Mar-2025 07:56:31 UTC] PHP Warning:  session_set_cookie_params(): Session cookie parameters cannot be changed after headers have already been sent in /Users/ohashi/Local Sites/galleria-nero/app/public/wp-content/plugins/usc-e-shop/classes/usceshop.class.php on line 2037
[28-Mar-2025 08:03:31 UTC] PHP Warning:  session_name(): Session name cannot be changed after headers have already been sent in /Users/ohashi/Local Sites/galleria-nero/app/public/wp-content/plugins/usc-e-shop/classes/usceshop.class.php on line 2005
[28-Mar-2025 08:03:31 UTC] PHP Warning:  session_set_cookie_params(): Session cookie parameters cannot be changed after headers have already been sent in /Users/ohashi/Local Sites/galleria-nero/app/public/wp-content/plugins/usc-e-shop/classes/usceshop.class.php on line 2037
[28-Mar-2025 11:47:54 UTC] PHP Warning:  session_name(): Session name cannot be changed after headers have already been sent in /Users/ohashi/Local Sites/galleria-nero/app/public/wp-content/plugins/usc-e-shop/classes/usceshop.class.php on line 2005
[28-Mar-2025 11:47:54 UTC] PHP Warning:  session_set_cookie_params(): Session cookie parameters cannot be changed after headers have already been sent in /Users/ohashi/Local Sites/galleria-nero/app/public/wp-content/plugins/usc-e-shop/classes/usceshop.class.php on line 2037
[28-Mar-2025 11:51:56 UTC] PHP Warning:  session_name(): Session name cannot be changed after headers have already been sent in /Users/ohashi/Local Sites/galleria-nero/app/public/wp-content/plugins/usc-e-shop/classes/usceshop.class.php on line 2005
[28-Mar-2025 11:51:56 UTC] PHP Warning:  session_set_cookie_params(): Session cookie parameters cannot be changed after headers have already been sent in /Users/ohashi/Local Sites/galleria-nero/app/public/wp-content/plugins/usc-e-shop/classes/usceshop.class.php on line 2037
[28-Mar-2025 11:57:37 UTC] PHP Warning:  session_name(): Session name cannot be changed after headers have already been sent in /Users/ohashi/Local Sites/galleria-nero/app/public/wp-content/plugins/usc-e-shop/classes/usceshop.class.php on line 2005
[28-Mar-2025 11:57:37 UTC] PHP Warning:  session_set_cookie_params(): Session cookie parameters cannot be changed after headers have already been sent in /Users/ohashi/Local Sites/galleria-nero/app/public/wp-content/plugins/usc-e-shop/classes/usceshop.class.php on line 2037
[28-Mar-2025 11:57:42 UTC] PHP Warning:  session_name(): Session name cannot be changed after headers have already been sent in /Users/ohashi/Local Sites/galleria-nero/app/public/wp-content/plugins/usc-e-shop/classes/usceshop.class.php on line 2005
[28-Mar-2025 11:57:42 UTC] PHP Warning:  session_set_cookie_params(): Session cookie parameters cannot be changed after headers have already been sent in /Users/ohashi/Local Sites/galleria-nero/app/public/wp-content/plugins/usc-e-shop/classes/usceshop.class.php on line 2037
[28-Mar-2025 11:57:56 UTC] PHP Warning:  session_name(): Session name cannot be changed after headers have already been sent in /Users/ohashi/Local Sites/galleria-nero/app/public/wp-content/plugins/usc-e-shop/classes/usceshop.class.php on line 2005
[28-Mar-2025 11:57:56 UTC] PHP Warning:  session_set_cookie_params(): Session cookie parameters cannot be changed after headers have already been sent in /Users/ohashi/Local Sites/galleria-nero/app/public/wp-content/plugins/usc-e-shop/classes/usceshop.class.php on line 2037
[28-Mar-2025 12:02:10 UTC] PHP Warning:  session_name(): Session name cannot be changed after headers have already been sent in /Users/ohashi/Local Sites/galleria-nero/app/public/wp-content/plugins/usc-e-shop/classes/usceshop.class.php on line 2005
[28-Mar-2025 12:02:10 UTC] PHP Warning:  session_set_cookie_params(): Session cookie parameters cannot be changed after headers have already been sent in /Users/ohashi/Local Sites/galleria-nero/app/public/wp-content/plugins/usc-e-shop/classes/usceshop.class.php on line 2037
[28-Mar-2025 12:07:23 UTC] PHP Warning:  Attempt to read property "term_id" on bool in /Users/ohashi/Local Sites/galleria-nero/app/public/wp-content/plugins/usc-e-shop/functions/template_func.php on line 2424
[28-Mar-2025 12:07:23 UTC] PHP Warning:  Attempt to read property "term_id" on bool in /Users/ohashi/Local Sites/galleria-nero/app/public/wp-content/plugins/usc-e-shop/functions/template_func.php on line 2424
[28-Mar-2025 12:07:23 UTC] PHP Warning:  Attempt to read property "term_id" on bool in /Users/ohashi/Local Sites/galleria-nero/app/public/wp-content/plugins/usc-e-shop/functions/template_func.php on line 2424
[28-Mar-2025 12:07:23 UTC] PHP Warning:  Attempt to read property "term_id" on bool in /Users/ohashi/Local Sites/galleria-nero/app/public/wp-content/plugins/usc-e-shop/functions/template_func.php on line 2424
[28-Mar-2025 12:07:23 UTC] PHP Warning:  Attempt to read property "term_id" on bool in /Users/ohashi/Local Sites/galleria-nero/app/public/wp-content/plugins/usc-e-shop/functions/template_func.php on line 2424
[28-Mar-2025 12:07:23 UTC] PHP Warning:  Attempt to read property "term_id" on bool in /Users/ohashi/Local Sites/galleria-nero/app/public/wp-content/plugins/usc-e-shop/functions/template_func.php on line 2424
[28-Mar-2025 12:07:23 UTC] PHP Warning:  Attempt to read property "term_id" on bool in /Users/ohashi/Local Sites/galleria-nero/app/public/wp-content/plugins/usc-e-shop/functions/template_func.php on line 2424
[28-Mar-2025 12:07:23 UTC] PHP Warning:  Attempt to read property "term_id" on bool in /Users/ohashi/Local Sites/galleria-nero/app/public/wp-content/plugins/usc-e-shop/functions/template_func.php on line 2424
[28-Mar-2025 12:07:23 UTC] PHP Warning:  Attempt to read property "term_id" on bool in /Users/ohashi/Local Sites/galleria-nero/app/public/wp-content/plugins/usc-e-shop/functions/template_func.php on line 2424
[28-Mar-2025 12:07:23 UTC] PHP Warning:  Attempt to read property "term_id" on bool in /Users/ohashi/Local Sites/galleria-nero/app/public/wp-content/plugins/usc-e-shop/functions/template_func.php on line 2424
[28-Mar-2025 12:07:23 UTC] PHP Warning:  Attempt to read property "term_id" on bool in /Users/ohashi/Local Sites/galleria-nero/app/public/wp-content/plugins/usc-e-shop/functions/template_func.php on line 2424
[28-Mar-2025 12:07:23 UTC] PHP Warning:  Attempt to read property "term_id" on bool in /Users/ohashi/Local Sites/galleria-nero/app/public/wp-content/plugins/usc-e-shop/functions/template_func.php on line 2424
[28-Mar-2025 12:07:23 UTC] PHP Warning:  Attempt to read property "term_id" on bool in /Users/ohashi/Local Sites/galleria-nero/app/public/wp-content/plugins/usc-e-shop/functions/template_func.php on line 2424
[28-Mar-2025 12:07:23 UTC] PHP Warning:  Attempt to read property "term_id" on bool in /Users/ohashi/Local Sites/galleria-nero/app/public/wp-content/plugins/usc-e-shop/functions/template_func.php on line 2424
[28-Mar-2025 12:07:23 UTC] PHP Warning:  Attempt to read property "term_id" on bool in /Users/ohashi/Local Sites/galleria-nero/app/public/wp-content/plugins/usc-e-shop/functions/template_func.php on line 2424
[28-Mar-2025 12:07:23 UTC] PHP Warning:  Attempt to read property "term_id" on bool in /Users/ohashi/Local Sites/galleria-nero/app/public/wp-content/plugins/usc-e-shop/functions/template_func.php on line 2424
[28-Mar-2025 12:07:23 UTC] PHP Warning:  Attempt to read property "term_id" on bool in /Users/ohashi/Local Sites/galleria-nero/app/public/wp-content/plugins/usc-e-shop/functions/template_func.php on line 2424
[28-Mar-2025 12:07:23 UTC] PHP Warning:  Attempt to read property "term_id" on bool in /Users/ohashi/Local Sites/galleria-nero/app/public/wp-content/plugins/usc-e-shop/functions/template_func.php on line 2424
[28-Mar-2025 12:07:23 UTC] PHP Warning:  Attempt to read property "term_id" on bool in /Users/ohashi/Local Sites/galleria-nero/app/public/wp-content/plugins/usc-e-shop/functions/template_func.php on line 2424
[28-Mar-2025 12:07:23 UTC] PHP Warning:  Attempt to read property "term_id" on bool in /Users/ohashi/Local Sites/galleria-nero/app/public/wp-content/plugins/usc-e-shop/functions/template_func.php on line 2424
[28-Mar-2025 12:07:23 UTC] PHP Warning:  Attempt to read property "term_id" on bool in /Users/ohashi/Local Sites/galleria-nero/app/public/wp-content/plugins/usc-e-shop/functions/template_func.php on line 2424
[28-Mar-2025 12:07:23 UTC] PHP Warning:  Attempt to read property "term_id" on bool in /Users/ohashi/Local Sites/galleria-nero/app/public/wp-content/plugins/usc-e-shop/functions/template_func.php on line 2424
[28-Mar-2025 12:07:23 UTC] PHP Warning:  Attempt to read property "term_id" on bool in /Users/ohashi/Local Sites/galleria-nero/app/public/wp-content/plugins/usc-e-shop/functions/template_func.php on line 2424
[28-Mar-2025 12:07:23 UTC] PHP Warning:  Attempt to read property "term_id" on bool in /Users/ohashi/Local Sites/galleria-nero/app/public/wp-content/plugins/usc-e-shop/functions/template_func.php on line 2424
[28-Mar-2025 12:07:23 UTC] PHP Warning:  Attempt to read property "term_id" on bool in /Users/ohashi/Local Sites/galleria-nero/app/public/wp-content/plugins/usc-e-shop/functions/template_func.php on line 2424
[28-Mar-2025 12:07:23 UTC] PHP Warning:  Attempt to read property "term_id" on bool in /Users/ohashi/Local Sites/galleria-nero/app/public/wp-content/plugins/usc-e-shop/functions/template_func.php on line 2424
[28-Mar-2025 12:07:23 UTC] PHP Warning:  Attempt to read property "term_id" on bool in /Users/ohashi/Local Sites/galleria-nero/app/public/wp-content/plugins/usc-e-shop/functions/template_func.php on line 2424
[28-Mar-2025 12:07:23 UTC] PHP Warning:  Attempt to read property "term_id" on bool in /Users/ohashi/Local Sites/galleria-nero/app/public/wp-content/plugins/usc-e-shop/functions/template_func.php on line 2424
[28-Mar-2025 12:07:23 UTC] PHP Warning:  Attempt to read property "term_id" on bool in /Users/ohashi/Local Sites/galleria-nero/app/public/wp-content/plugins/usc-e-shop/functions/template_func.php on line 2424
[28-Mar-2025 12:07:23 UTC] PHP Warning:  Attempt to read property "term_id" on bool in /Users/ohashi/Local Sites/galleria-nero/app/public/wp-content/plugins/usc-e-shop/functions/template_func.php on line 2424
[28-Mar-2025 12:07:23 UTC] PHP Warning:  Attempt to read property "term_id" on bool in /Users/ohashi/Local Sites/galleria-nero/app/public/wp-content/plugins/usc-e-shop/functions/template_func.php on line 2424
[28-Mar-2025 12:07:23 UTC] PHP Warning:  Attempt to read property "term_id" on bool in /Users/ohashi/Local Sites/galleria-nero/app/public/wp-content/plugins/usc-e-shop/functions/template_func.php on line 2424
[28-Mar-2025 12:07:23 UTC] PHP Warning:  Attempt to read property "term_id" on bool in /Users/ohashi/Local Sites/galleria-nero/app/public/wp-content/plugins/usc-e-shop/functions/template_func.php on line 2424
[28-Mar-2025 12:08:16 UTC] PHP Warning:  session_name(): Session name cannot be changed after headers have already been sent in /Users/ohashi/Local Sites/galleria-nero/app/public/wp-content/plugins/usc-e-shop/classes/usceshop.class.php on line 2005
[28-Mar-2025 12:08:16 UTC] PHP Warning:  session_set_cookie_params(): Session cookie parameters cannot be changed after headers have already been sent in /Users/ohashi/Local Sites/galleria-nero/app/public/wp-content/plugins/usc-e-shop/classes/usceshop.class.php on line 2037
[28-Mar-2025 12:08:17 UTC] PHP Warning:  session_name(): Session name cannot be changed after headers have already been sent in /Users/ohashi/Local Sites/galleria-nero/app/public/wp-content/plugins/usc-e-shop/classes/usceshop.class.php on line 2005
[28-Mar-2025 12:08:17 UTC] PHP Warning:  session_set_cookie_params(): Session cookie parameters cannot be changed after headers have already been sent in /Users/ohashi/Local Sites/galleria-nero/app/public/wp-content/plugins/usc-e-shop/classes/usceshop.class.php on line 2037
[28-Mar-2025 12:08:18 UTC] PHP Warning:  session_name(): Session name cannot be changed after headers have already been sent in /Users/ohashi/Local Sites/galleria-nero/app/public/wp-content/plugins/usc-e-shop/classes/usceshop.class.php on line 2005
[28-Mar-2025 12:08:18 UTC] PHP Warning:  session_set_cookie_params(): Session cookie parameters cannot be changed after headers have already been sent in /Users/ohashi/Local Sites/galleria-nero/app/public/wp-content/plugins/usc-e-shop/classes/usceshop.class.php on line 2037
[28-Mar-2025 12:08:19 UTC] PHP Warning:  session_name(): Session name cannot be changed after headers have already been sent in /Users/ohashi/Local Sites/galleria-nero/app/public/wp-content/plugins/usc-e-shop/classes/usceshop.class.php on line 2005
[28-Mar-2025 12:08:19 UTC] PHP Warning:  session_set_cookie_params(): Session cookie parameters cannot be changed after headers have already been sent in /Users/ohashi/Local Sites/galleria-nero/app/public/wp-content/plugins/usc-e-shop/classes/usceshop.class.php on line 2037
[28-Mar-2025 12:08:19 UTC] PHP Warning:  session_name(): Session name cannot be changed after headers have already been sent in /Users/ohashi/Local Sites/galleria-nero/app/public/wp-content/plugins/usc-e-shop/classes/usceshop.class.php on line 2005
[28-Mar-2025 12:08:19 UTC] PHP Warning:  session_set_cookie_params(): Session cookie parameters cannot be changed after headers have already been sent in /Users/ohashi/Local Sites/galleria-nero/app/public/wp-content/plugins/usc-e-shop/classes/usceshop.class.php on line 2037
[28-Mar-2025 12:08:22 UTC] PHP Warning:  session_name(): Session name cannot be changed after headers have already been sent in /Users/ohashi/Local Sites/galleria-nero/app/public/wp-content/plugins/usc-e-shop/classes/usceshop.class.php on line 2005
[28-Mar-2025 12:08:22 UTC] PHP Warning:  session_set_cookie_params(): Session cookie parameters cannot be changed after headers have already been sent in /Users/ohashi/Local Sites/galleria-nero/app/public/wp-content/plugins/usc-e-shop/classes/usceshop.class.php on line 2037
[28-Mar-2025 12:12:38 UTC] PHP Warning:  session_name(): Session name cannot be changed after headers have already been sent in /Users/ohashi/Local Sites/galleria-nero/app/public/wp-content/plugins/usc-e-shop/classes/usceshop.class.php on line 2005
[28-Mar-2025 12:12:38 UTC] PHP Warning:  session_set_cookie_params(): Session cookie parameters cannot be changed after headers have already been sent in /Users/ohashi/Local Sites/galleria-nero/app/public/wp-content/plugins/usc-e-shop/classes/usceshop.class.php on line 2037
[28-Mar-2025 12:13:09 UTC] PHP Warning:  session_name(): Session name cannot be changed after headers have already been sent in /Users/ohashi/Local Sites/galleria-nero/app/public/wp-content/plugins/usc-e-shop/classes/usceshop.class.php on line 2005
[28-Mar-2025 12:13:09 UTC] PHP Warning:  session_set_cookie_params(): Session cookie parameters cannot be changed after headers have already been sent in /Users/ohashi/Local Sites/galleria-nero/app/public/wp-content/plugins/usc-e-shop/classes/usceshop.class.php on line 2037
[28-Mar-2025 12:13:28 UTC] PHP Warning:  session_name(): Session name cannot be changed after headers have already been sent in /Users/ohashi/Local Sites/galleria-nero/app/public/wp-content/plugins/usc-e-shop/classes/usceshop.class.php on line 2005
[28-Mar-2025 12:13:28 UTC] PHP Warning:  session_set_cookie_params(): Session cookie parameters cannot be changed after headers have already been sent in /Users/ohashi/Local Sites/galleria-nero/app/public/wp-content/plugins/usc-e-shop/classes/usceshop.class.php on line 2037
[28-Mar-2025 12:13:34 UTC] PHP Warning:  session_name(): Session name cannot be changed after headers have already been sent in /Users/ohashi/Local Sites/galleria-nero/app/public/wp-content/plugins/usc-e-shop/classes/usceshop.class.php on line 2005
[28-Mar-2025 12:13:34 UTC] PHP Warning:  session_set_cookie_params(): Session cookie parameters cannot be changed after headers have already been sent in /Users/ohashi/Local Sites/galleria-nero/app/public/wp-content/plugins/usc-e-shop/classes/usceshop.class.php on line 2037
[28-Mar-2025 12:13:43 UTC] PHP Warning:  session_name(): Session name cannot be changed after headers have already been sent in /Users/ohashi/Local Sites/galleria-nero/app/public/wp-content/plugins/usc-e-shop/classes/usceshop.class.php on line 2005
[28-Mar-2025 12:13:43 UTC] PHP Warning:  session_set_cookie_params(): Session cookie parameters cannot be changed after headers have already been sent in /Users/ohashi/Local Sites/galleria-nero/app/public/wp-content/plugins/usc-e-shop/classes/usceshop.class.php on line 2037
